//  Catapult University Version 2011a.126 (Production Release) Wed Aug  8 00:52:07 PDT 2012
//  
//  Copyright (c) Calypto Design Systems, Inc., 1996-2012, All Rights Reserved.
//                       UNPUBLISHED, LICENSED SOFTWARE.
//            CONFIDENTIAL AND PROPRIETARY INFORMATION WHICH IS THE
//          PROPERTY OF CALYPTO DESIGN SYSTEMS OR ITS LICENSORS
//  
//  Running on Windows 7 fyq14@EEWS104A-002 Service Pack 1 6.01.7601 i686
//  
//  Package information: SIFLIBS v17.0_1.1, HLS_PKGS v17.0_1.1, 
//                       DesignPad v2.78_0.0
//  
//  This version may only be used for academic purposes.  Some optimizations 
//  are disabled, so results obtained from this version may be sub-optimal.
//  
//  Start time Tue Mar 03 14:34:59 2015
# -------------------------------------------------
# Logging session transcript to file "C:\Users\fyq14\AppData\Local\Temp\log59362442e78.0"
# Loading options from registry.
# Warning: set_working_dir: Directory 'C:/Windows' not writable, using C:/Users/fyq14/AppData/Local/Temp
set_working_dir H:/eieproj/dot_product
project load H:/eieproj/dot_product/SIF/project.sif
# Moving session transcript to file "H:\eieproj\catapult.log"
# Reading component library '$MGC_HOME\pkgs\siflibs\mgc_busdefs.lib' [mgc_busdefs]... (LIB-49)
# Reading component library '$MGC_HOME\pkgs\siflibs\stdops.lib' [STDOPS]... (LIB-49)
# Reading component library '$MGC_HOME\pkgs\siflibs\mgc_ioport.lib' [mgc_ioport]... (LIB-49)
# Reading component library '$MGC_HOME\pkgs\ccs_altera\Altera_accel_CycloneIII.lib' [Altera_accel_CycloneIII]... (LIB-49)
# Reading component library '$MGC_HOME\pkgs\siflibs\psr2010a_up2\mgc_Altera-Cyclone-III-6_beh_psr.lib' [mgc_Altera-Cyclone-III-6_beh_psr]... (LIB-49)
flow run /SCVerify/launch_make ././scverify/Verify_orig_cxx_osci.mk {} SIMTOOL=osci sim
# Making '././scverify/Verify_orig_cxx_osci.mk SIMTOOL=osci sim'
#     C:/PROGRA~1/CALYPT~1/CATAPU~1.126/Mgc_home/bin/make -f ././scverify/Verify_orig_cxx_osci.mk SIMTOOL=osci build < "NUL:" (BASIC-15)
# "============================================"
# "Creating simulation directory 'scverify\orig_cxx_osci'"
# mkdir scverify\orig_cxx_osci
# "============================================"
# "Compiling C++ file: //icnas3.cc.ic.ac.uk/fyq14/student_files_2015/student_files_2015/prj1/dot_product_source/tb_dot_product.cpp"
# "c:\PROGRA~2\MICROS~4.0\VC\bin\cl.exe" -DCCS_DUT_SYSC -DSC_INCLUDE_DYNAMIC_PROCESSES -DSC_USE_STD_STRING -DTOP_HDL_ENTITY=dot_product /W3 -DCCS_MISMATCHED_OUTPUTS_ONLY -DDEADLOCK_DETECTION /D"WIN32" /D"_DEBUG" /D"_CONSOLE" /D"NOGDI" /D"_MBCS" /D"_CRT_SECURE_NO_DEPRECATE" /EHsc /RTCs /MTd /FD /W3 /Z7 /vmg /I"C:/Program Files/Microsoft Platform SDK/Include"   /I. /I../.. /I. /IC:/PROGRA~1/CALYPT~1/CATAPU~1.126/Mgc_home/shared/include /IC:/PROGRA~1/CALYPT~1/CATAPU~1.126/Mgc_home/shared/include /IC:/PROGRA~1/CALYPT~1/CATAPU~1.126/Mgc_home/pkgs/hls_pkgs/src /IC:/PROGRA~1/CALYPT~1/CATAPU~1.126/Mgc_home/pkgs/siflibs /IC:/PROGRA~1/CALYPT~1/CATAPU~1.126/Mgc_home/pkgs/hls_pkgs/mgc_comps_src -DSC_USE_STD_STRING  /c /Tp //icnas3.cc.ic.ac.uk/fyq14/student_files_2015/student_files_2015/prj1/dot_product_source/tb_dot_product.cpp /Foscverify/orig_cxx_osci/tb_dot_product.cpp.cxxts.obj
# Microsoft (R) 32-bit C/C++ Optimizing Compiler Version 15.00.21022.08 for 80x86
# Copyright (C) Microsoft Corporation.  All rights reserved.
# 
# tb_dot_product.cpp
# //icnas3.cc.ic.ac.uk/fyq14/student_files_2015/student_files_2015/prj1/dot_product_source/tb_dot_product.cpp(39) : warning C4244: '+=' : conversion from 'Slong' to 'int', possible loss of data
# "============================================"
# "Compiling C++ file: //icnas3.cc.ic.ac.uk/fyq14/student_files_2015/student_files_2015/prj1/dot_product_source/dot_product.cpp"
# "c:\PROGRA~2\MICROS~4.0\VC\bin\cl.exe" -DCCS_DUT_SYSC -DSC_INCLUDE_DYNAMIC_PROCESSES -DSC_USE_STD_STRING -DTOP_HDL_ENTITY=dot_product /W3 -DCCS_MISMATCHED_OUTPUTS_ONLY -DDEADLOCK_DETECTION /D"WIN32" /D"_DEBUG" /D"_CONSOLE" /D"NOGDI" /D"_MBCS" /D"_CRT_SECURE_NO_DEPRECATE" /EHsc /RTCs /MTd /FD /W3 /Z7 /vmg /I"C:/Program Files/Microsoft Platform SDK/Include"   /I. /I../.. /I. /IC:/PROGRA~1/CALYPT~1/CATAPU~1.126/Mgc_home/shared/include /IC:/PROGRA~1/CALYPT~1/CATAPU~1.126/Mgc_home/shared/include /IC:/PROGRA~1/CALYPT~1/CATAPU~1.126/Mgc_home/pkgs/hls_pkgs/src /IC:/PROGRA~1/CALYPT~1/CATAPU~1.126/Mgc_home/pkgs/siflibs /IC:/PROGRA~1/CALYPT~1/CATAPU~1.126/Mgc_home/pkgs/hls_pkgs/mgc_comps_src -DSC_USE_STD_STRING  /c /Tp //icnas3.cc.ic.ac.uk/fyq14/student_files_2015/student_files_2015/prj1/dot_product_source/dot_product.cpp /Foscverify/orig_cxx_osci/dot_product.cpp.cxxts.obj
# Microsoft (R) 32-bit C/C++ Optimizing Compiler Version 15.00.21022.08 for 80x86
# Copyright (C) Microsoft Corporation.  All rights reserved.
# 
# dot_product.cpp
# //icnas3.cc.ic.ac.uk/fyq14/student_files_2015/student_files_2015/prj1/dot_product_source/dot_product.cpp(26) : warning C4068: unknown pragma
# //icnas3.cc.ic.ac.uk/fyq14/student_files_2015/student_files_2015/prj1/dot_product_source/dot_product.cpp(31) : warning C4102: 'MAC' : unreferenced label
# "============================================"
# "Linking executable"
# "c:\PROGRA~2\MICROS~4.0\VC\bin\link.exe" /SUBSYSTEM:CONSOLE /DEBUG /DYNAMICBASE:NO /LIBPATH:C:/PROGRA~1/CALYPT~1/CATAPU~1.126/Mgc_home/shared/lib/Windows_NT/msvc /LIBPATH:C:/PROGRA~1/CALYPT~1/CATAPU~1.126/Mgc_home/shared/lib /LIBPATH:C:/PROGRA~1/CALYPT~1/CATAPU~1.126/Mgc_home/shared/lib/Windows_NT/msvc scverify/orig_cxx_osci/tb_dot_product.cpp.cxxts.obj scverify/orig_cxx_osci/dot_product.cpp.cxxts.obj libsystemc.lib /out:scverify/orig_cxx_osci/scverify_top.exe
# Microsoft (R) Incremental Linker Version 9.00.21022.08
# Copyright (C) Microsoft Corporation.  All rights reserved.
# 
#     C:/PROGRA~1/CALYPT~1/CATAPU~1.126/Mgc_home/bin/make -f ././scverify/Verify_orig_cxx_osci.mk SIMTOOL=osci sim (BASIC-14)
# chdir ..\..&                    dot_product\dot_product.v1\scverify\orig_cxx_osci\scverify_top.exe 
# Inputs: A = 1, B = 5 
# Inputs: A = 2, B = 4 
# Inputs: A = 3, B = 3 
# Inputs: A = 4, B = 2 
# Inputs: A = 5, B = 1 
# Design output  : 35 
# Expected output: 35 
go allocate
# Info: Starting transformation 'architect' on solution 'dot_product.v1' (SOL-8)
# //icnas3.cc.ic.ac.uk/fyq14/student_files_2015/student_files_2015/prj1/dot_product_source/dot_product.cpp(31): Loop '/dot_product/core/MAC' is left rolled. (LOOP-4)
# //icnas3.cc.ic.ac.uk/fyq14/student_files_2015/student_files_2015/prj1/dot_product_source/dot_product.cpp(27): Loop '/dot_product/core/main' is left rolled. (LOOP-4)
# //icnas3.cc.ic.ac.uk/fyq14/student_files_2015/student_files_2015/prj1/dot_product_source/dot_product.cpp(27): I/O-Port inferred - resource 'input_a:rsc' (from var: input_a) mapped to 'mgc_ioport.mgc_in_wire' (size: 40). (MEM-2)
# //icnas3.cc.ic.ac.uk/fyq14/student_files_2015/student_files_2015/prj1/dot_product_source/dot_product.cpp(27): I/O-Port inferred - resource 'input_b:rsc' (from var: input_b) mapped to 'mgc_ioport.mgc_in_wire' (size: 40). (MEM-2)
# //icnas3.cc.ic.ac.uk/fyq14/student_files_2015/student_files_2015/prj1/dot_product_source/dot_product.cpp(27): I/O-Port inferred - resource 'output:rsc' (from var: output) mapped to 'mgc_ioport.mgc_out_stdreg' (size: 8). (MEM-2)
# Info: Optimizing partition '/dot_product': (Total ops = 17, Real ops = 6, Vars = 8) (SOL-10)
# Info: Optimizing partition '/dot_product/core': (Total ops = 17, Real ops = 6, Vars = 2) (SOL-10)
# Info: Optimizing partition '/dot_product': (Total ops = 17, Real ops = 6, Vars = 8) (SOL-10)
# Info: Optimizing partition '/dot_product/core': (Total ops = 17, Real ops = 6, Vars = 2) (SOL-10)
# Info: Optimizing partition '/dot_product/core': (Total ops = 33, Real ops = 6, Vars = 12) (SOL-10)
# Info: Optimizing partition '/dot_product/core': (Total ops = 19, Real ops = 6, Vars = 4) (SOL-10)
# Design 'dot_product' contains '8' real operations. (SOL-11)
# Info: Completed transformation 'architect' on solution 'dot_product.v1': elapsed time 0.55 seconds, memory usage 153216kB, peak memory usage 165540kB (SOL-9)
# Info: Starting transformation 'allocate' on solution 'dot_product.v1' (SOL-8)
# Performing concurrent resource allocation and scheduling on '/dot_product/core' (CRAAS-1)
# Info: Select qualified components for data operations ... (CRAAS-3)
# Info: Apply resource constraints on data operations ... (CRAAS-4)
# //icnas3.cc.ic.ac.uk/fyq14/student_files_2015/student_files_2015/prj1/dot_product_source/dot_product.cpp(31): Prescheduled LOOP 'MAC' (1 c-steps) (SCHD-7)
# //icnas3.cc.ic.ac.uk/fyq14/student_files_2015/student_files_2015/prj1/dot_product_source/dot_product.cpp(27): Prescheduled LOOP 'main' (2 c-steps) (SCHD-7)
# //icnas3.cc.ic.ac.uk/fyq14/student_files_2015/student_files_2015/prj1/dot_product_source/dot_product.cpp(27): Prescheduled SEQUENTIAL 'core' (total length 7 c-steps) (SCHD-8)
# Info: Initial schedule of SEQUENTIAL 'core': Latency = 5, Area (Datapath, Register, Total) = 426.23, 0.00, 426.23 (CRAAS-11)
# At least one feasible schedule exists. (CRAAS-9)
# Info: Final schedule of SEQUENTIAL 'core': Latency = 5, Area (Datapath, Register, Total) = 426.23, 0.00, 426.23 (CRAAS-12)
# Resource allocation and scheduling done. (CRAAS-2)
# Netlist written to file 'schedule.gnt' (NET-4)
# Info: Completed transformation 'allocate' on solution 'dot_product.v1': elapsed time 0.08 seconds, memory usage 153216kB, peak memory usage 165540kB (SOL-9)
flow run /Schedule/view ./schedule.gnt
flow run /Schedule/view ./schedule.gnt
flow run /Schedule/view ./schedule.gnt
go compile
directive set /dot_product/input_a -WORD_WIDTH 8
# Info: Branching solution 'dot_product.v2' at state 'compile' (PRJ-2)
# Makefile for Original Design + Testbench written to file 'scverify/Verify_orig_cxx_osci.mk'
# /dot_product/input_a/WORD_WIDTH 8
directive set /dot_product/input_a -STREAM 8
# /dot_product/input_a/STREAM 8
go allocate
# Info: Starting transformation 'architect' on solution 'dot_product.v2' (SOL-8)
# //icnas3.cc.ic.ac.uk/fyq14/student_files_2015/student_files_2015/prj1/dot_product_source/dot_product.cpp(31): Loop '/dot_product/core/MAC' is left rolled. (LOOP-4)
# //icnas3.cc.ic.ac.uk/fyq14/student_files_2015/student_files_2015/prj1/dot_product_source/dot_product.cpp(27): Loop '/dot_product/core/main' is left rolled. (LOOP-4)
# //icnas3.cc.ic.ac.uk/fyq14/student_files_2015/student_files_2015/prj1/dot_product_source/dot_product.cpp(27): I/O-Port inferred - resource 'input_a:rsc' (from var: input_a) mapped to 'mgc_ioport.mgc_in_wire' (size: 8). (MEM-2)
# //icnas3.cc.ic.ac.uk/fyq14/student_files_2015/student_files_2015/prj1/dot_product_source/dot_product.cpp(27): I/O-Port inferred - resource 'input_b:rsc' (from var: input_b) mapped to 'mgc_ioport.mgc_in_wire' (size: 40). (MEM-2)
# //icnas3.cc.ic.ac.uk/fyq14/student_files_2015/student_files_2015/prj1/dot_product_source/dot_product.cpp(27): I/O-Port inferred - resource 'output:rsc' (from var: output) mapped to 'mgc_ioport.mgc_out_stdreg' (size: 8). (MEM-2)
# Info: Optimizing partition '/dot_product': (Total ops = 16, Real ops = 6, Vars = 8) (SOL-10)
# Info: Optimizing partition '/dot_product/core': (Total ops = 16, Real ops = 6, Vars = 2) (SOL-10)
# Info: Optimizing partition '/dot_product/core': (Total ops = 16, Real ops = 6, Vars = 2) (SOL-10)
# Info: Optimizing partition '/dot_product': (Total ops = 16, Real ops = 6, Vars = 8) (SOL-10)
# Info: Optimizing partition '/dot_product': (Total ops = 15, Real ops = 6, Vars = 8) (SOL-10)
# Info: Optimizing partition '/dot_product/core': (Total ops = 15, Real ops = 6, Vars = 2) (SOL-10)
# Info: Optimizing partition '/dot_product': (Total ops = 15, Real ops = 6, Vars = 8) (SOL-10)
# Info: Optimizing partition '/dot_product/core': (Total ops = 31, Real ops = 6, Vars = 12) (SOL-10)
# Info: Optimizing partition '/dot_product/core': (Total ops = 17, Real ops = 6, Vars = 4) (SOL-10)
# Design 'dot_product' contains '7' real operations. (SOL-11)
# Info: Completed transformation 'architect' on solution 'dot_product.v2': elapsed time 1.04 seconds, memory usage 164388kB, peak memory usage 176712kB (SOL-9)
# Info: Starting transformation 'allocate' on solution 'dot_product.v2' (SOL-8)
# Performing concurrent resource allocation and scheduling on '/dot_product/core' (CRAAS-1)
# Info: Select qualified components for data operations ... (CRAAS-3)
# Info: Apply resource constraints on data operations ... (CRAAS-4)
# //icnas3.cc.ic.ac.uk/fyq14/student_files_2015/student_files_2015/prj1/dot_product_source/dot_product.cpp(31): Prescheduled LOOP 'MAC' (1 c-steps) (SCHD-7)
# //icnas3.cc.ic.ac.uk/fyq14/student_files_2015/student_files_2015/prj1/dot_product_source/dot_product.cpp(27): Prescheduled LOOP 'main' (2 c-steps) (SCHD-7)
# //icnas3.cc.ic.ac.uk/fyq14/student_files_2015/student_files_2015/prj1/dot_product_source/dot_product.cpp(27): Prescheduled SEQUENTIAL 'core' (total length 7 c-steps) (SCHD-8)
# Info: Initial schedule of SEQUENTIAL 'core': Latency = 5, Area (Datapath, Register, Total) = 387.52, 0.00, 387.52 (CRAAS-11)
# At least one feasible schedule exists. (CRAAS-9)
# Info: Final schedule of SEQUENTIAL 'core': Latency = 5, Area (Datapath, Register, Total) = 387.52, 0.00, 387.52 (CRAAS-12)
# Resource allocation and scheduling done. (CRAAS-2)
# Netlist written to file 'schedule.gnt' (NET-4)
# Info: Completed transformation 'allocate' on solution 'dot_product.v2': elapsed time 0.06 seconds, memory usage 164388kB, peak memory usage 176712kB (SOL-9)
go compile
directive set /dot_product/input_b -WORD_WIDTH 8
# Info: Branching solution 'dot_product.v3' at state 'compile' (PRJ-2)
# Makefile for Original Design + Testbench written to file 'scverify/Verify_orig_cxx_osci.mk'
# /dot_product/input_b/WORD_WIDTH 8
directive set /dot_product/input_b -STREAM 8
# /dot_product/input_b/STREAM 8
go allocate
# Info: Starting transformation 'architect' on solution 'dot_product.v3' (SOL-8)
# //icnas3.cc.ic.ac.uk/fyq14/student_files_2015/student_files_2015/prj1/dot_product_source/dot_product.cpp(31): Loop '/dot_product/core/MAC' is left rolled. (LOOP-4)
# //icnas3.cc.ic.ac.uk/fyq14/student_files_2015/student_files_2015/prj1/dot_product_source/dot_product.cpp(27): Loop '/dot_product/core/main' is left rolled. (LOOP-4)
# //icnas3.cc.ic.ac.uk/fyq14/student_files_2015/student_files_2015/prj1/dot_product_source/dot_product.cpp(27): I/O-Port inferred - resource 'input_a:rsc' (from var: input_a) mapped to 'mgc_ioport.mgc_in_wire' (size: 8). (MEM-2)
# //icnas3.cc.ic.ac.uk/fyq14/student_files_2015/student_files_2015/prj1/dot_product_source/dot_product.cpp(27): I/O-Port inferred - resource 'input_b:rsc' (from var: input_b) mapped to 'mgc_ioport.mgc_in_wire' (size: 8). (MEM-2)
# //icnas3.cc.ic.ac.uk/fyq14/student_files_2015/student_files_2015/prj1/dot_product_source/dot_product.cpp(27): I/O-Port inferred - resource 'output:rsc' (from var: output) mapped to 'mgc_ioport.mgc_out_stdreg' (size: 8). (MEM-2)
# Info: Optimizing partition '/dot_product': (Total ops = 15, Real ops = 6, Vars = 8) (SOL-10)
# Info: Optimizing partition '/dot_product/core': (Total ops = 15, Real ops = 6, Vars = 2) (SOL-10)
# Info: Optimizing partition '/dot_product/core': (Total ops = 15, Real ops = 6, Vars = 2) (SOL-10)
# Info: Optimizing partition '/dot_product': (Total ops = 15, Real ops = 6, Vars = 8) (SOL-10)
# Info: Optimizing partition '/dot_product': (Total ops = 13, Real ops = 6, Vars = 8) (SOL-10)
# Info: Optimizing partition '/dot_product/core': (Total ops = 13, Real ops = 6, Vars = 2) (SOL-10)
# Info: Optimizing partition '/dot_product': (Total ops = 13, Real ops = 6, Vars = 8) (SOL-10)
# Info: Optimizing partition '/dot_product/core': (Total ops = 29, Real ops = 6, Vars = 12) (SOL-10)
# Info: Optimizing partition '/dot_product/core': (Total ops = 15, Real ops = 6, Vars = 4) (SOL-10)
# Design 'dot_product' contains '6' real operations. (SOL-11)
# Info: Completed transformation 'architect' on solution 'dot_product.v3': elapsed time 1.58 seconds, memory usage 173028kB, peak memory usage 185352kB (SOL-9)
# Info: Starting transformation 'allocate' on solution 'dot_product.v3' (SOL-8)
# Performing concurrent resource allocation and scheduling on '/dot_product/core' (CRAAS-1)
# Info: Select qualified components for data operations ... (CRAAS-3)
# Info: Apply resource constraints on data operations ... (CRAAS-4)
# //icnas3.cc.ic.ac.uk/fyq14/student_files_2015/student_files_2015/prj1/dot_product_source/dot_product.cpp(31): Prescheduled LOOP 'MAC' (1 c-steps) (SCHD-7)
# //icnas3.cc.ic.ac.uk/fyq14/student_files_2015/student_files_2015/prj1/dot_product_source/dot_product.cpp(27): Prescheduled LOOP 'main' (2 c-steps) (SCHD-7)
# //icnas3.cc.ic.ac.uk/fyq14/student_files_2015/student_files_2015/prj1/dot_product_source/dot_product.cpp(27): Prescheduled SEQUENTIAL 'core' (total length 7 c-steps) (SCHD-8)
# Info: Initial schedule of SEQUENTIAL 'core': Latency = 5, Area (Datapath, Register, Total) = 348.81, 0.00, 348.81 (CRAAS-11)
# At least one feasible schedule exists. (CRAAS-9)
# Info: Final schedule of SEQUENTIAL 'core': Latency = 5, Area (Datapath, Register, Total) = 348.81, 0.00, 348.81 (CRAAS-12)
# Resource allocation and scheduling done. (CRAAS-2)
# Netlist written to file 'schedule.gnt' (NET-4)
# Info: Completed transformation 'allocate' on solution 'dot_product.v3': elapsed time 0.08 seconds, memory usage 173028kB, peak memory usage 185352kB (SOL-9)
flow run /Schedule/view ./schedule.gnt
go compile
directive set /dot_product/core/main -UNROLL 2
# Info: Branching solution 'dot_product.v4' at state 'compile' (PRJ-2)
# Makefile for Original Design + Testbench written to file 'scverify/Verify_orig_cxx_osci.mk'
# /dot_product/core/main/UNROLL 2
go allocate
# Info: Starting transformation 'architect' on solution 'dot_product.v4' (SOL-8)
# //icnas3.cc.ic.ac.uk/fyq14/student_files_2015/student_files_2015/prj1/dot_product_source/dot_product.cpp(31): Loop '/dot_product/core/MAC' is left rolled. (LOOP-4)
# //icnas3.cc.ic.ac.uk/fyq14/student_files_2015/student_files_2015/prj1/dot_product_source/dot_product.cpp(27): Loop '/dot_product/core/main' is being partially unrolled 2 times. (LOOP-3)
# Info: Optimizing partition '/dot_product/core': (Total ops = 29, Real ops = 11, Vars = 2) (SOL-10)
# Info: Optimizing partition '/dot_product/core': (Total ops = 29, Real ops = 11, Vars = 4) (SOL-10)
# Info: Optimizing partition '/dot_product/core': (Total ops = 29, Real ops = 11, Vars = 4) (SOL-10)
# Info: Optimizing partition '/dot_product': (Total ops = 29, Real ops = 11, Vars = 10) (SOL-10)
# Info: Optimizing partition '/dot_product/core': (Total ops = 29, Real ops = 11, Vars = 4) (SOL-10)
# //icnas3.cc.ic.ac.uk/fyq14/student_files_2015/student_files_2015/prj1/dot_product_source/dot_product.cpp(27): I/O-Port inferred - resource 'input_a:rsc' (from var: input_a) mapped to 'mgc_ioport.mgc_in_wire' (size: 8). (MEM-2)
# //icnas3.cc.ic.ac.uk/fyq14/student_files_2015/student_files_2015/prj1/dot_product_source/dot_product.cpp(27): I/O-Port inferred - resource 'input_b:rsc' (from var: input_b) mapped to 'mgc_ioport.mgc_in_wire' (size: 8). (MEM-2)
# //icnas3.cc.ic.ac.uk/fyq14/student_files_2015/student_files_2015/prj1/dot_product_source/dot_product.cpp(27): I/O-Port inferred - resource 'output:rsc' (from var: output) mapped to 'mgc_ioport.mgc_out_stdreg' (size: 8). (MEM-2)
# Info: Optimizing partition '/dot_product': (Total ops = 29, Real ops = 11, Vars = 10) (SOL-10)
# Info: Optimizing partition '/dot_product/core': (Total ops = 29, Real ops = 11, Vars = 4) (SOL-10)
# Info: Optimizing partition '/dot_product/core': (Total ops = 29, Real ops = 11, Vars = 4) (SOL-10)
# Info: Optimizing partition '/dot_product': (Total ops = 29, Real ops = 11, Vars = 10) (SOL-10)
# Info: Optimizing partition '/dot_product': (Total ops = 25, Real ops = 11, Vars = 10) (SOL-10)
# Info: Optimizing partition '/dot_product/core': (Total ops = 25, Real ops = 11, Vars = 4) (SOL-10)
# Info: Optimizing partition '/dot_product': (Total ops = 25, Real ops = 11, Vars = 10) (SOL-10)
# Info: Optimizing partition '/dot_product/core': (Total ops = 57, Real ops = 11, Vars = 24) (SOL-10)
# Info: Optimizing partition '/dot_product/core': (Total ops = 29, Real ops = 11, Vars = 8) (SOL-10)
# Design 'dot_product' contains '11' real operations. (SOL-11)
# Info: Completed transformation 'architect' on solution 'dot_product.v4': elapsed time 2.26 seconds, memory usage 173576kB, peak memory usage 185900kB (SOL-9)
# Info: Starting transformation 'allocate' on solution 'dot_product.v4' (SOL-8)
# Performing concurrent resource allocation and scheduling on '/dot_product/core' (CRAAS-1)
# Info: Select qualified components for data operations ... (CRAAS-3)
# Info: Apply resource constraints on data operations ... (CRAAS-4)
# //icnas3.cc.ic.ac.uk/fyq14/student_files_2015/student_files_2015/prj1/dot_product_source/dot_product.cpp(31): Prescheduled LOOP 'main-2:MAC' (1 c-steps) (SCHD-7)
# //icnas3.cc.ic.ac.uk/fyq14/student_files_2015/student_files_2015/prj1/dot_product_source/dot_product.cpp(31): Prescheduled LOOP 'main-1:MAC' (1 c-steps) (SCHD-7)
# //icnas3.cc.ic.ac.uk/fyq14/student_files_2015/student_files_2015/prj1/dot_product_source/dot_product.cpp(27): Prescheduled LOOP 'main' (3 c-steps) (SCHD-7)
# //icnas3.cc.ic.ac.uk/fyq14/student_files_2015/student_files_2015/prj1/dot_product_source/dot_product.cpp(27): Prescheduled SEQUENTIAL 'core' (total length 13 c-steps) (SCHD-8)
# Info: Initial schedule of SEQUENTIAL 'core': Latency = 11, Area (Datapath, Register, Total) = 348.81, 0.00, 348.81 (CRAAS-11)
# At least one feasible schedule exists. (CRAAS-9)
# Info: Final schedule of SEQUENTIAL 'core': Latency = 11, Area (Datapath, Register, Total) = 348.81, 0.00, 348.81 (CRAAS-12)
# Resource allocation and scheduling done. (CRAAS-2)
# Netlist written to file 'schedule.gnt' (NET-4)
# Info: Completed transformation 'allocate' on solution 'dot_product.v4': elapsed time 0.09 seconds, memory usage 173576kB, peak memory usage 185900kB (SOL-9)
go compile
directive set /dot_product/core/main -UNROLL no
# Info: Branching solution 'dot_product.v5' at state 'compile' (PRJ-2)
# Makefile for Original Design + Testbench written to file 'scverify/Verify_orig_cxx_osci.mk'
# /dot_product/core/main/UNROLL no
directive set /dot_product/core/main/MAC -UNROLL yes
# /dot_product/core/main/MAC/UNROLL yes
go allocate
# Info: Starting transformation 'architect' on solution 'dot_product.v5' (SOL-8)
# //icnas3.cc.ic.ac.uk/fyq14/student_files_2015/student_files_2015/prj1/dot_product_source/dot_product.cpp(31): Loop '/dot_product/core/MAC' is being fully unrolled (5 times). (LOOP-7)
# Info: Optimizing partition '/dot_product/core': (Total ops = 59, Real ops = 26, Vars = 2) (SOL-10)
# Info: Optimizing partition '/dot_product/core': (Total ops = 18, Real ops = 7, Vars = 1) (SOL-10)
# Info: Optimizing partition '/dot_product/core': (Total ops = 18, Real ops = 7, Vars = 0) (SOL-10)
# Info: Optimizing partition '/dot_product/core': (Total ops = 18, Real ops = 7, Vars = 0) (SOL-10)
# //icnas3.cc.ic.ac.uk/fyq14/student_files_2015/student_files_2015/prj1/dot_product_source/dot_product.cpp(27): Loop '/dot_product/core/main' is left rolled. (LOOP-4)
# Info: Optimizing partition '/dot_product': (Total ops = 18, Real ops = 7, Vars = 6) (SOL-10)
# Info: Optimizing partition '/dot_product/core': (Total ops = 18, Real ops = 7, Vars = 0) (SOL-10)
# Info: Optimizing partition '/dot_product': (Total ops = 18, Real ops = 7, Vars = 6) (SOL-10)
# //icnas3.cc.ic.ac.uk/fyq14/student_files_2015/student_files_2015/prj1/dot_product_source/dot_product.cpp(27): I/O-Port inferred - resource 'input_a:rsc' (from var: input_a) mapped to 'mgc_ioport.mgc_in_wire' (size: 8). (MEM-2)
# //icnas3.cc.ic.ac.uk/fyq14/student_files_2015/student_files_2015/prj1/dot_product_source/dot_product.cpp(27): I/O-Port inferred - resource 'input_b:rsc' (from var: input_b) mapped to 'mgc_ioport.mgc_in_wire' (size: 8). (MEM-2)
# //icnas3.cc.ic.ac.uk/fyq14/student_files_2015/student_files_2015/prj1/dot_product_source/dot_product.cpp(27): I/O-Port inferred - resource 'output:rsc' (from var: output) mapped to 'mgc_ioport.mgc_out_stdreg' (size: 8). (MEM-2)
# Info: Optimizing partition '/dot_product': (Total ops = 18, Real ops = 7, Vars = 6) (SOL-10)
# Info: Optimizing partition '/dot_product/core': (Total ops = 18, Real ops = 7, Vars = 0) (SOL-10)
# Info: Optimizing partition '/dot_product/core': (Total ops = 18, Real ops = 7, Vars = 0) (SOL-10)
# Info: Optimizing partition '/dot_product': (Total ops = 18, Real ops = 7, Vars = 6) (SOL-10)
# Info: Optimizing partition '/dot_product/core': (Total ops = 18, Real ops = 7, Vars = 0) (SOL-10)
# Info: Optimizing partition '/dot_product': (Total ops = 18, Real ops = 7, Vars = 6) (SOL-10)
# Info: Optimizing partition '/dot_product': (Total ops = 18, Real ops = 7, Vars = 6) (SOL-10)
# Info: Optimizing partition '/dot_product/core': (Total ops = 18, Real ops = 7, Vars = 0) (SOL-10)
# Info: Optimizing partition '/dot_product': (Total ops = 18, Real ops = 7, Vars = 6) (SOL-10)
# Info: Optimizing partition '/dot_product/core': (Total ops = 18, Real ops = 7, Vars = 0) (SOL-10)
# Design 'dot_product' contains '10' real operations. (SOL-11)
# Info: Completed transformation 'architect' on solution 'dot_product.v5': elapsed time 2.53 seconds, memory usage 176672kB, peak memory usage 185900kB (SOL-9)
# Info: Starting transformation 'allocate' on solution 'dot_product.v5' (SOL-8)
# Performing concurrent resource allocation and scheduling on '/dot_product/core' (CRAAS-1)
# Info: Select qualified components for data operations ... (CRAAS-3)
# Info: Apply resource constraints on data operations ... (CRAAS-4)
# //icnas3.cc.ic.ac.uk/fyq14/student_files_2015/student_files_2015/prj1/dot_product_source/dot_product.cpp(27): Prescheduled LOOP 'main' (2 c-steps) (SCHD-7)
# //icnas3.cc.ic.ac.uk/fyq14/student_files_2015/student_files_2015/prj1/dot_product_source/dot_product.cpp(27): Prescheduled SEQUENTIAL 'core' (total length 2 c-steps) (SCHD-8)
# Info: Initial schedule of SEQUENTIAL 'core': Latency = 5, Area (Datapath, Register, Total) = 367.28, 0.00, 367.28 (CRAAS-11)
# At least one feasible schedule exists. (CRAAS-9)
# Info: Final schedule of SEQUENTIAL 'core': Latency = 5, Area (Datapath, Register, Total) = 367.28, 0.00, 367.28 (CRAAS-12)
# Resource allocation and scheduling done. (CRAAS-2)
# Netlist written to file 'schedule.gnt' (NET-4)
# Info: Completed transformation 'allocate' on solution 'dot_product.v5': elapsed time 0.11 seconds, memory usage 176672kB, peak memory usage 185900kB (SOL-9)
go compile
directive set /dot_product/core/main/MAC -UNROLL no
# Info: Branching solution 'dot_product.v6' at state 'compile' (PRJ-2)
# Makefile for Original Design + Testbench written to file 'scverify/Verify_orig_cxx_osci.mk'
# /dot_product/core/main/MAC/UNROLL no
project save
# Saving project file 'H:/eieproj/dot_product.ccs'. (PRJ-5)
quit -f
